<?xml version="1.0" encoding="UTF-8" standalone="no"?>
<!DOCTYPE log SYSTEM "logger.dtd">
<log>
<record>
  <date>2019-03-07T20:32:36.961069Z</date>
  <millis>1551990756961</millis>
  <nanos>69000</nanos>
  <sequence>11</sequence>
  <logger>edu.neu.csye6200.tractor.TractorTaxation</logger>
  <level>INFO</level>
  <class>edu.neu.csye6200.tractor.TractorIO</class>
  <method>&lt;init&gt;</method>
  <thread>1</thread>
  <message>TractorIO class constructed.</message>
</record>
<record>
  <date>2019-03-07T20:32:36.981627Z</date>
  <millis>1551990756981</millis>
  <nanos>627000</nanos>
  <sequence>12</sequence>
  <logger>edu.neu.csye6200.tractor.TractorTaxation</logger>
  <level>SEVERE</level>
  <class>edu.neu.csye6200.tractor.TractorIO</class>
  <method>WriteTextFile</method>
  <thread>1</thread>
  <message>./assign4/src/edu/neu/csye6200/tractor/output/tr.txt (No such file or directory)</message>
</record>
<record>
  <date>2019-03-07T20:32:36.983770Z</date>
  <millis>1551990756983</millis>
  <nanos>770000</nanos>
  <sequence>13</sequence>
  <logger>edu.neu.csye6200.tractor.TractorTaxation</logger>
  <level>WARNING</level>
  <class>edu.neu.csye6200.tractor.TractorIO</class>
  <method>ReadTextFile</method>
  <thread>1</thread>
  <message>tr.txt does not exist. Reading failed.</message>
</record>
<record>
  <date>2019-03-07T20:32:36.986093Z</date>
  <millis>1551990756986</millis>
  <nanos>93000</nanos>
  <sequence>14</sequence>
  <logger>edu.neu.csye6200.tractor.TractorTaxation</logger>
  <level>SEVERE</level>
  <class>edu.neu.csye6200.tractor.TractorIO</class>
  <method>Save</method>
  <thread>1</thread>
  <message>./assign4/src/edu/neu/csye6200/tractor/output/re.ser (No such file or directory)</message>
</record>
<record>
  <date>2019-03-07T20:32:36.988736Z</date>
  <millis>1551990756988</millis>
  <nanos>736000</nanos>
  <sequence>15</sequence>
  <logger>edu.neu.csye6200.tractor.TractorTaxation</logger>
  <level>SEVERE</level>
  <class>edu.neu.csye6200.tractor.TractorIO</class>
  <method>Load</method>
  <thread>1</thread>
  <message>./assign4/src/edu/neu/csye6200/tractor/output/re.ser (No such file or directory)</message>
</record>
</log>
