<?xml version="1.0" encoding="UTF-8" standalone="no"?>
<!DOCTYPE log SYSTEM "logger.dtd">
<log>
<record>
  <date>2019-03-07T20:41:16.618843Z</date>
  <millis>1551991276618</millis>
  <nanos>843000</nanos>
  <sequence>11</sequence>
  <logger>edu.neu.csye6200.tractor.TractorTaxation</logger>
  <level>INFO</level>
  <class>edu.neu.csye6200.tractor.TractorIO</class>
  <method>&lt;init&gt;</method>
  <thread>1</thread>
  <message>TractorIO class constructed.</message>
</record>
<record>
  <date>2019-03-07T20:41:16.639769Z</date>
  <millis>1551991276639</millis>
  <nanos>769000</nanos>
  <sequence>12</sequence>
  <logger>edu.neu.csye6200.tractor.TractorTaxation</logger>
  <level>SEVERE</level>
  <class>edu.neu.csye6200.tractor.TractorIO</class>
  <method>WriteTextFile</method>
  <thread>1</thread>
  <message>./assign4/src/edu/neu/csye6200/tractor/output/tr.txt (No such file or directory)</message>
</record>
<record>
  <date>2019-03-07T20:41:16.642136Z</date>
  <millis>1551991276642</millis>
  <nanos>136000</nanos>
  <sequence>13</sequence>
  <logger>edu.neu.csye6200.tractor.TractorTaxation</logger>
  <level>WARNING</level>
  <class>edu.neu.csye6200.tractor.TractorIO</class>
  <method>ReadTextFile</method>
  <thread>1</thread>
  <message>tr.txt does not exist. Reading failed.</message>
</record>
<record>
  <date>2019-03-07T20:41:16.644655Z</date>
  <millis>1551991276644</millis>
  <nanos>655000</nanos>
  <sequence>14</sequence>
  <logger>edu.neu.csye6200.tractor.TractorTaxation</logger>
  <level>SEVERE</level>
  <class>edu.neu.csye6200.tractor.TractorIO</class>
  <method>Save</method>
  <thread>1</thread>
  <message>./assign4/src/edu/neu/csye6200/tractor/output/re.ser (No such file or directory)</message>
</record>
<record>
  <date>2019-03-07T20:41:16.646517Z</date>
  <millis>1551991276646</millis>
  <nanos>517000</nanos>
  <sequence>15</sequence>
  <logger>edu.neu.csye6200.tractor.TractorTaxation</logger>
  <level>SEVERE</level>
  <class>edu.neu.csye6200.tractor.TractorIO</class>
  <method>Load</method>
  <thread>1</thread>
  <message>./assign4/src/edu/neu/csye6200/tractor/output/re.ser (No such file or directory)</message>
</record>
</log>
