<?xml version="1.0" encoding="UTF-8" standalone="no"?>
<!DOCTYPE log SYSTEM "logger.dtd">
<log>
<record>
  <date>2019-03-07T20:41:16.502319Z</date>
  <millis>1551991276502</millis>
  <nanos>319000</nanos>
  <sequence>0</sequence>
  <logger>edu.neu.csye6200.tractor.TractorTaxation</logger>
  <level>INFO</level>
  <class>edu.neu.csye6200.tractor.TractorTaxation</class>
  <method>getInstance</method>
  <thread>1</thread>
  <message>TractorTaxation class has been constructed</message>
</record>
<record>
  <date>2019-03-07T20:41:16.580482Z</date>
  <millis>1551991276580</millis>
  <nanos>482000</nanos>
  <sequence>1</sequence>
  <logger>edu.neu.csye6200.tractor.TractorTaxation</logger>
  <level>INFO</level>
  <class>edu.neu.csye6200.tractor.TractorTaxation</class>
  <method>add</method>
  <thread>1</thread>
  <message>Kubota-B2320 ---- Tax calculated and stored successfully</message>
</record>
<record>
  <date>2019-03-07T20:41:16.581736Z</date>
  <millis>1551991276581</millis>
  <nanos>736000</nanos>
  <sequence>2</sequence>
  <logger>edu.neu.csye6200.tractor.TractorTaxation</logger>
  <level>INFO</level>
  <class>edu.neu.csye6200.tractor.TractorTaxation</class>
  <method>add</method>
  <thread>1</thread>
  <message>Ford-1920 ---- Tax calculated and stored successfully</message>
</record>
<record>
  <date>2019-03-07T20:41:16.582960Z</date>
  <millis>1551991276582</millis>
  <nanos>960000</nanos>
  <sequence>3</sequence>
  <logger>edu.neu.csye6200.tractor.TractorTaxation</logger>
  <level>INFO</level>
  <class>edu.neu.csye6200.tractor.TractorTaxation</class>
  <method>add</method>
  <thread>1</thread>
  <message>Fiat-500 ---- Tax calculated and stored successfully</message>
</record>
<record>
  <date>2019-03-07T20:41:16.584200Z</date>
  <millis>1551991276584</millis>
  <nanos>200000</nanos>
  <sequence>4</sequence>
  <logger>edu.neu.csye6200.tractor.TractorTaxation</logger>
  <level>INFO</level>
  <class>edu.neu.csye6200.tractor.TractorTaxation</class>
  <method>add</method>
  <thread>1</thread>
  <message>New Holland-T4.75 ---- Tax calculated and stored successfully</message>
</record>
<record>
  <date>2019-03-07T20:41:16.585403Z</date>
  <millis>1551991276585</millis>
  <nanos>403000</nanos>
  <sequence>5</sequence>
  <logger>edu.neu.csye6200.tractor.TractorTaxation</logger>
  <level>INFO</level>
  <class>edu.neu.csye6200.tractor.TractorTaxation</class>
  <method>add</method>
  <thread>1</thread>
  <message>John Deere-3303R ---- Tax calculated and stored successfully</message>
</record>
<record>
  <date>2019-03-07T20:41:16.586611Z</date>
  <millis>1551991276586</millis>
  <nanos>611000</nanos>
  <sequence>6</sequence>
  <logger>edu.neu.csye6200.tractor.TractorTaxation</logger>
  <level>INFO</level>
  <class>edu.neu.csye6200.tractor.TractorTaxation</class>
  <method>add</method>
  <thread>1</thread>
  <message>Cat-906M ---- Tax calculated and stored successfully</message>
</record>
<record>
  <date>2019-03-07T20:41:16.587824Z</date>
  <millis>1551991276587</millis>
  <nanos>824000</nanos>
  <sequence>7</sequence>
  <logger>edu.neu.csye6200.tractor.TractorTaxation</logger>
  <level>INFO</level>
  <class>edu.neu.csye6200.tractor.TractorTaxation</class>
  <method>add</method>
  <thread>1</thread>
  <message>Cat-880T ---- Tax calculated and stored successfully</message>
</record>
<record>
  <date>2019-03-07T20:41:16.589131Z</date>
  <millis>1551991276589</millis>
  <nanos>131000</nanos>
  <sequence>8</sequence>
  <logger>edu.neu.csye6200.tractor.TractorTaxation</logger>
  <level>INFO</level>
  <class>edu.neu.csye6200.tractor.TractorTaxation</class>
  <method>add</method>
  <thread>1</thread>
  <message>Kubota-B3300 ---- Tax calculated and stored successfully</message>
</record>
<record>
  <date>2019-03-07T20:41:16.590365Z</date>
  <millis>1551991276590</millis>
  <nanos>365000</nanos>
  <sequence>9</sequence>
  <logger>edu.neu.csye6200.tractor.TractorTaxation</logger>
  <level>INFO</level>
  <class>edu.neu.csye6200.tractor.TractorTaxation</class>
  <method>add</method>
  <thread>1</thread>
  <message>Fiat-920 ---- Tax calculated and stored successfully</message>
</record>
<record>
  <date>2019-03-07T20:41:16.591744Z</date>
  <millis>1551991276591</millis>
  <nanos>744000</nanos>
  <sequence>10</sequence>
  <logger>edu.neu.csye6200.tractor.TractorTaxation</logger>
  <level>INFO</level>
  <class>edu.neu.csye6200.tractor.TractorTaxation</class>
  <method>add</method>
  <thread>1</thread>
  <message>Cat-450P ---- Tax calculated and stored successfully</message>
</record>
<record>
  <date>2019-03-07T20:41:16.618843Z</date>
  <millis>1551991276618</millis>
  <nanos>843000</nanos>
  <sequence>11</sequence>
  <logger>edu.neu.csye6200.tractor.TractorTaxation</logger>
  <level>INFO</level>
  <class>edu.neu.csye6200.tractor.TractorIO</class>
  <method>&lt;init&gt;</method>
  <thread>1</thread>
  <message>TractorIO class constructed.</message>
</record>
<record>
  <date>2019-03-07T20:41:16.639769Z</date>
  <millis>1551991276639</millis>
  <nanos>769000</nanos>
  <sequence>12</sequence>
  <logger>edu.neu.csye6200.tractor.TractorTaxation</logger>
  <level>SEVERE</level>
  <class>edu.neu.csye6200.tractor.TractorIO</class>
  <method>WriteTextFile</method>
  <thread>1</thread>
  <message>./assign4/src/edu/neu/csye6200/tractor/output/tr.txt (No such file or directory)</message>
</record>
<record>
  <date>2019-03-07T20:41:16.642136Z</date>
  <millis>1551991276642</millis>
  <nanos>136000</nanos>
  <sequence>13</sequence>
  <logger>edu.neu.csye6200.tractor.TractorTaxation</logger>
  <level>WARNING</level>
  <class>edu.neu.csye6200.tractor.TractorIO</class>
  <method>ReadTextFile</method>
  <thread>1</thread>
  <message>tr.txt does not exist. Reading failed.</message>
</record>
<record>
  <date>2019-03-07T20:41:16.644655Z</date>
  <millis>1551991276644</millis>
  <nanos>655000</nanos>
  <sequence>14</sequence>
  <logger>edu.neu.csye6200.tractor.TractorTaxation</logger>
  <level>SEVERE</level>
  <class>edu.neu.csye6200.tractor.TractorIO</class>
  <method>Save</method>
  <thread>1</thread>
  <message>./assign4/src/edu/neu/csye6200/tractor/output/re.ser (No such file or directory)</message>
</record>
<record>
  <date>2019-03-07T20:41:16.646517Z</date>
  <millis>1551991276646</millis>
  <nanos>517000</nanos>
  <sequence>15</sequence>
  <logger>edu.neu.csye6200.tractor.TractorTaxation</logger>
  <level>SEVERE</level>
  <class>edu.neu.csye6200.tractor.TractorIO</class>
  <method>Load</method>
  <thread>1</thread>
  <message>./assign4/src/edu/neu/csye6200/tractor/output/re.ser (No such file or directory)</message>
</record>
</log>
