<?xml version="1.0" encoding="UTF-8" standalone="no"?>
<!DOCTYPE log SYSTEM "logger.dtd">
<log>
<record>
  <date>2019-03-12T17:22:40.324749Z</date>
  <millis>1552411360324</millis>
  <nanos>749000</nanos>
  <sequence>0</sequence>
  <logger>edu.neu.csye6200.tractor.TractorTaxation</logger>
  <level>INFO</level>
  <class>edu.neu.csye6200.tractor.TractorTaxation</class>
  <method>getInstance</method>
  <thread>1</thread>
  <message>TractorTaxation class has been constructed</message>
</record>
<record>
  <date>2019-03-12T17:22:40.410406Z</date>
  <millis>1552411360410</millis>
  <nanos>406000</nanos>
  <sequence>1</sequence>
  <logger>edu.neu.csye6200.tractor.TractorTaxation</logger>
  <level>INFO</level>
  <class>edu.neu.csye6200.tractor.TractorTaxation</class>
  <method>add</method>
  <thread>1</thread>
  <message>Kubota-B2320 ---- Tax calculated and stored successfully</message>
</record>
<record>
  <date>2019-03-12T17:22:40.411638Z</date>
  <millis>1552411360411</millis>
  <nanos>638000</nanos>
  <sequence>2</sequence>
  <logger>edu.neu.csye6200.tractor.TractorTaxation</logger>
  <level>INFO</level>
  <class>edu.neu.csye6200.tractor.TractorTaxation</class>
  <method>add</method>
  <thread>1</thread>
  <message>Ford-1920 ---- Tax calculated and stored successfully</message>
</record>
<record>
  <date>2019-03-12T17:22:40.414254Z</date>
  <millis>1552411360414</millis>
  <nanos>254000</nanos>
  <sequence>3</sequence>
  <logger>edu.neu.csye6200.tractor.TractorTaxation</logger>
  <level>INFO</level>
  <class>edu.neu.csye6200.tractor.TractorTaxation</class>
  <method>add</method>
  <thread>1</thread>
  <message>Fiat-500 ---- Tax calculated and stored successfully</message>
</record>
<record>
  <date>2019-03-12T17:22:40.416760Z</date>
  <millis>1552411360416</millis>
  <nanos>760000</nanos>
  <sequence>4</sequence>
  <logger>edu.neu.csye6200.tractor.TractorTaxation</logger>
  <level>INFO</level>
  <class>edu.neu.csye6200.tractor.TractorTaxation</class>
  <method>add</method>
  <thread>1</thread>
  <message>New Holland-T4.75 ---- Tax calculated and stored successfully</message>
</record>
<record>
  <date>2019-03-12T17:22:40.419256Z</date>
  <millis>1552411360419</millis>
  <nanos>256000</nanos>
  <sequence>5</sequence>
  <logger>edu.neu.csye6200.tractor.TractorTaxation</logger>
  <level>INFO</level>
  <class>edu.neu.csye6200.tractor.TractorTaxation</class>
  <method>add</method>
  <thread>1</thread>
  <message>John Deere-3303R ---- Tax calculated and stored successfully</message>
</record>
<record>
  <date>2019-03-12T17:22:40.420429Z</date>
  <millis>1552411360420</millis>
  <nanos>429000</nanos>
  <sequence>6</sequence>
  <logger>edu.neu.csye6200.tractor.TractorTaxation</logger>
  <level>INFO</level>
  <class>edu.neu.csye6200.tractor.TractorTaxation</class>
  <method>add</method>
  <thread>1</thread>
  <message>Cat-906M ---- Tax calculated and stored successfully</message>
</record>
<record>
  <date>2019-03-12T17:22:40.421567Z</date>
  <millis>1552411360421</millis>
  <nanos>567000</nanos>
  <sequence>7</sequence>
  <logger>edu.neu.csye6200.tractor.TractorTaxation</logger>
  <level>INFO</level>
  <class>edu.neu.csye6200.tractor.TractorTaxation</class>
  <method>add</method>
  <thread>1</thread>
  <message>Cat-880T ---- Tax calculated and stored successfully</message>
</record>
<record>
  <date>2019-03-12T17:22:40.423585Z</date>
  <millis>1552411360423</millis>
  <nanos>585000</nanos>
  <sequence>8</sequence>
  <logger>edu.neu.csye6200.tractor.TractorTaxation</logger>
  <level>INFO</level>
  <class>edu.neu.csye6200.tractor.TractorTaxation</class>
  <method>add</method>
  <thread>1</thread>
  <message>Kubota-B3300 ---- Tax calculated and stored successfully</message>
</record>
<record>
  <date>2019-03-12T17:22:40.433947Z</date>
  <millis>1552411360433</millis>
  <nanos>947000</nanos>
  <sequence>9</sequence>
  <logger>edu.neu.csye6200.tractor.TractorTaxation</logger>
  <level>INFO</level>
  <class>edu.neu.csye6200.tractor.TractorTaxation</class>
  <method>add</method>
  <thread>1</thread>
  <message>Fiat-920 ---- Tax calculated and stored successfully</message>
</record>
<record>
  <date>2019-03-12T17:22:40.441933Z</date>
  <millis>1552411360441</millis>
  <nanos>933000</nanos>
  <sequence>10</sequence>
  <logger>edu.neu.csye6200.tractor.TractorTaxation</logger>
  <level>INFO</level>
  <class>edu.neu.csye6200.tractor.TractorTaxation</class>
  <method>add</method>
  <thread>1</thread>
  <message>Cat-450P ---- Tax calculated and stored successfully</message>
</record>
<record>
  <date>2019-03-12T17:22:40.459633Z</date>
  <millis>1552411360459</millis>
  <nanos>633000</nanos>
  <sequence>11</sequence>
  <logger>edu.neu.csye6200.tractor.TractorIO</logger>
  <level>INFO</level>
  <class>edu.neu.csye6200.tractor.TractorIO</class>
  <method>&lt;init&gt;</method>
  <thread>1</thread>
  <message>TractorIO class constructed.</message>
</record>
<record>
  <date>2019-03-12T17:22:40.480299Z</date>
  <millis>1552411360480</millis>
  <nanos>299000</nanos>
  <sequence>12</sequence>
  <logger>edu.neu.csye6200.tractor.TractorIO</logger>
  <level>SEVERE</level>
  <class>edu.neu.csye6200.tractor.TractorIO</class>
  <method>WriteTextFile</method>
  <thread>1</thread>
  <message>./assign4/src/edu/neu/csye6200/tractor/output/error/tr.txt (No such file or directory)</message>
</record>
<record>
  <date>2019-03-12T17:22:40.481714Z</date>
  <millis>1552411360481</millis>
  <nanos>714000</nanos>
  <sequence>13</sequence>
  <logger>edu.neu.csye6200.tractor.TractorIO</logger>
  <level>WARNING</level>
  <class>edu.neu.csye6200.tractor.TractorIO</class>
  <method>ReadTextFile</method>
  <thread>1</thread>
  <message>tr.txt does not exist. Reading failed.</message>
</record>
<record>
  <date>2019-03-12T17:22:40.483505Z</date>
  <millis>1552411360483</millis>
  <nanos>505000</nanos>
  <sequence>14</sequence>
  <logger>edu.neu.csye6200.tractor.TractorIO</logger>
  <level>SEVERE</level>
  <class>edu.neu.csye6200.tractor.TractorIO</class>
  <method>Save</method>
  <thread>1</thread>
  <message>./assign4/src/edu/neu/csye6200/tractor/output/error/re.ser (No such file or directory)</message>
</record>
<record>
  <date>2019-03-12T17:22:40.485362Z</date>
  <millis>1552411360485</millis>
  <nanos>362000</nanos>
  <sequence>15</sequence>
  <logger>edu.neu.csye6200.tractor.TractorIO</logger>
  <level>SEVERE</level>
  <class>edu.neu.csye6200.tractor.TractorIO</class>
  <method>Load</method>
  <thread>1</thread>
  <message>./assign4/src/edu/neu/csye6200/tractor/output/error/re.ser (No such file or directory)</message>
</record>
</log>
