<?xml version="1.0" encoding="UTF-8" standalone="no"?>
<!DOCTYPE log SYSTEM "logger.dtd">
<log>
<record>
  <date>2019-03-12T17:03:27.908051Z</date>
  <millis>1552410207908</millis>
  <nanos>51000</nanos>
  <sequence>0</sequence>
  <logger>edu.neu.csye6200.tractor.TractorTaxation</logger>
  <level>INFO</level>
  <class>edu.neu.csye6200.tractor.TractorTaxation</class>
  <method>getInstance</method>
  <thread>1</thread>
  <message>TractorTaxation class has been constructed</message>
</record>
<record>
  <date>2019-03-12T17:03:27.981974Z</date>
  <millis>1552410207981</millis>
  <nanos>974000</nanos>
  <sequence>1</sequence>
  <logger>edu.neu.csye6200.tractor.TractorTaxation</logger>
  <level>INFO</level>
  <class>edu.neu.csye6200.tractor.TractorTaxation</class>
  <method>add</method>
  <thread>1</thread>
  <message>Kubota-B2320 ---- Tax calculated and stored successfully</message>
</record>
<record>
  <date>2019-03-12T17:03:27.983163Z</date>
  <millis>1552410207983</millis>
  <nanos>163000</nanos>
  <sequence>2</sequence>
  <logger>edu.neu.csye6200.tractor.TractorTaxation</logger>
  <level>INFO</level>
  <class>edu.neu.csye6200.tractor.TractorTaxation</class>
  <method>add</method>
  <thread>1</thread>
  <message>Ford-1920 ---- Tax calculated and stored successfully</message>
</record>
<record>
  <date>2019-03-12T17:03:27.984306Z</date>
  <millis>1552410207984</millis>
  <nanos>306000</nanos>
  <sequence>3</sequence>
  <logger>edu.neu.csye6200.tractor.TractorTaxation</logger>
  <level>INFO</level>
  <class>edu.neu.csye6200.tractor.TractorTaxation</class>
  <method>add</method>
  <thread>1</thread>
  <message>Fiat-500 ---- Tax calculated and stored successfully</message>
</record>
<record>
  <date>2019-03-12T17:03:27.985430Z</date>
  <millis>1552410207985</millis>
  <nanos>430000</nanos>
  <sequence>4</sequence>
  <logger>edu.neu.csye6200.tractor.TractorTaxation</logger>
  <level>INFO</level>
  <class>edu.neu.csye6200.tractor.TractorTaxation</class>
  <method>add</method>
  <thread>1</thread>
  <message>New Holland-T4.75 ---- Tax calculated and stored successfully</message>
</record>
<record>
  <date>2019-03-12T17:03:27.986650Z</date>
  <millis>1552410207986</millis>
  <nanos>650000</nanos>
  <sequence>5</sequence>
  <logger>edu.neu.csye6200.tractor.TractorTaxation</logger>
  <level>INFO</level>
  <class>edu.neu.csye6200.tractor.TractorTaxation</class>
  <method>add</method>
  <thread>1</thread>
  <message>John Deere-3303R ---- Tax calculated and stored successfully</message>
</record>
<record>
  <date>2019-03-12T17:03:27.987797Z</date>
  <millis>1552410207987</millis>
  <nanos>797000</nanos>
  <sequence>6</sequence>
  <logger>edu.neu.csye6200.tractor.TractorTaxation</logger>
  <level>INFO</level>
  <class>edu.neu.csye6200.tractor.TractorTaxation</class>
  <method>add</method>
  <thread>1</thread>
  <message>Cat-906M ---- Tax calculated and stored successfully</message>
</record>
<record>
  <date>2019-03-12T17:03:27.988928Z</date>
  <millis>1552410207988</millis>
  <nanos>928000</nanos>
  <sequence>7</sequence>
  <logger>edu.neu.csye6200.tractor.TractorTaxation</logger>
  <level>INFO</level>
  <class>edu.neu.csye6200.tractor.TractorTaxation</class>
  <method>add</method>
  <thread>1</thread>
  <message>Cat-880T ---- Tax calculated and stored successfully</message>
</record>
<record>
  <date>2019-03-12T17:03:27.990097Z</date>
  <millis>1552410207990</millis>
  <nanos>97000</nanos>
  <sequence>8</sequence>
  <logger>edu.neu.csye6200.tractor.TractorTaxation</logger>
  <level>INFO</level>
  <class>edu.neu.csye6200.tractor.TractorTaxation</class>
  <method>add</method>
  <thread>1</thread>
  <message>Kubota-B3300 ---- Tax calculated and stored successfully</message>
</record>
<record>
  <date>2019-03-12T17:03:27.991259Z</date>
  <millis>1552410207991</millis>
  <nanos>259000</nanos>
  <sequence>9</sequence>
  <logger>edu.neu.csye6200.tractor.TractorTaxation</logger>
  <level>INFO</level>
  <class>edu.neu.csye6200.tractor.TractorTaxation</class>
  <method>add</method>
  <thread>1</thread>
  <message>Fiat-920 ---- Tax calculated and stored successfully</message>
</record>
<record>
  <date>2019-03-12T17:03:27.992449Z</date>
  <millis>1552410207992</millis>
  <nanos>449000</nanos>
  <sequence>10</sequence>
  <logger>edu.neu.csye6200.tractor.TractorTaxation</logger>
  <level>INFO</level>
  <class>edu.neu.csye6200.tractor.TractorTaxation</class>
  <method>add</method>
  <thread>1</thread>
  <message>Cat-450P ---- Tax calculated and stored successfully</message>
</record>
<record>
  <date>2019-03-12T17:03:28.014953Z</date>
  <millis>1552410208014</millis>
  <nanos>953000</nanos>
  <sequence>11</sequence>
  <logger>edu.neu.csye6200.tractor.TractorIO</logger>
  <level>INFO</level>
  <class>edu.neu.csye6200.tractor.TractorIO</class>
  <method>&lt;init&gt;</method>
  <thread>1</thread>
  <message>TractorIO class constructed.</message>
</record>
<record>
  <date>2019-03-12T17:03:28.243102Z</date>
  <millis>1552410208243</millis>
  <nanos>102000</nanos>
  <sequence>12</sequence>
  <logger>edu.neu.csye6200.tractor.TractorIO</logger>
  <level>INFO</level>
  <class>edu.neu.csye6200.tractor.TractorIO</class>
  <method>WriteTextFile</method>
  <thread>1</thread>
  <message>class java.util.ArrayList saved to file tr.txt successfully.</message>
</record>
<record>
  <date>2019-03-12T17:03:28.277225Z</date>
  <millis>1552410208277</millis>
  <nanos>225000</nanos>
  <sequence>13</sequence>
  <logger>edu.neu.csye6200.tractor.TractorIO</logger>
  <level>INFO</level>
  <class>edu.neu.csye6200.tractor.TractorIO</class>
  <method>ReadTextFile</method>
  <thread>1</thread>
  <message>tr.txt has been successfully read.</message>
</record>
<record>
  <date>2019-03-12T17:03:28.349161Z</date>
  <millis>1552410208349</millis>
  <nanos>161000</nanos>
  <sequence>14</sequence>
  <logger>edu.neu.csye6200.tractor.TractorIO</logger>
  <level>INFO</level>
  <class>edu.neu.csye6200.tractor.TractorIO</class>
  <method>Save</method>
  <thread>1</thread>
  <message>Serialization completed</message>
</record>
<record>
  <date>2019-03-12T17:03:28.356317Z</date>
  <millis>1552410208356</millis>
  <nanos>317000</nanos>
  <sequence>15</sequence>
  <logger>edu.neu.csye6200.tractor.TractorIO</logger>
  <level>INFO</level>
  <class>edu.neu.csye6200.tractor.TractorIO</class>
  <method>Load</method>
  <thread>1</thread>
  <message>Deserialization completed</message>
</record>
</log>
